2026-01-30T00:28:07.938+06:00  INFO 23688 --- [GroupCamp] [main] c.w.GroupCamp.GroupCampApplication       : Starting GroupCampApplication using Java 17.0.8 with PID 23688 (D:\Akash\Scoreboard\target\classes started by chakraborty.akash in D:\Akash\Scoreboard)
2026-01-30T00:28:07.944+06:00  INFO 23688 --- [GroupCamp] [main] c.w.GroupCamp.GroupCampApplication       : No active profile set, falling back to 1 default profile: "default"
2026-01-30T00:28:08.794+06:00  INFO 23688 --- [GroupCamp] [main] .s.d.r.c.RepositoryConfigurationDelegate : Bootstrapping Spring Data JPA repositories in DEFAULT mode.
2026-01-30T00:28:08.907+06:00  INFO 23688 --- [GroupCamp] [main] .s.d.r.c.RepositoryConfigurationDelegate : Finished Spring Data repository scanning in 97 ms. Found 5 JPA repository interfaces.
2026-01-30T00:28:09.536+06:00  INFO 23688 --- [GroupCamp] [main] o.s.b.w.embedded.tomcat.TomcatWebServer  : Tomcat initialized with port 8080 (http)
2026-01-30T00:28:09.553+06:00  INFO 23688 --- [GroupCamp] [main] o.apache.catalina.core.StandardService   : Starting service [Tomcat]
2026-01-30T00:28:09.554+06:00  INFO 23688 --- [GroupCamp] [main] o.apache.catalina.core.StandardEngine    : Starting Servlet engine: [Apache Tomcat/10.1.50]
2026-01-30T00:28:09.646+06:00  INFO 23688 --- [GroupCamp] [main] o.a.c.c.C.[Tomcat].[localhost].[/]       : Initializing Spring embedded WebApplicationContext
2026-01-30T00:28:09.646+06:00  INFO 23688 --- [GroupCamp] [main] w.s.c.ServletWebServerApplicationContext : Root WebApplicationContext: initialization completed in 1649 ms
2026-01-30T00:28:09.848+06:00  INFO 23688 --- [GroupCamp] [main] o.hibernate.jpa.internal.util.LogHelper  : HHH000204: Processing PersistenceUnitInfo [name: default]
2026-01-30T00:28:09.950+06:00  INFO 23688 --- [GroupCamp] [main] org.hibernate.Version                    : HHH000412: Hibernate ORM core version 6.6.41.Final
2026-01-30T00:28:10.019+06:00  INFO 23688 --- [GroupCamp] [main] o.h.c.internal.RegionFactoryInitiator    : HHH000026: Second-level cache disabled
2026-01-30T00:28:10.426+06:00  INFO 23688 --- [GroupCamp] [main] o.s.o.j.p.SpringPersistenceUnitInfo      : No LoadTimeWeaver setup: ignoring JPA class transformer
2026-01-30T00:28:10.464+06:00  INFO 23688 --- [GroupCamp] [main] com.zaxxer.hikari.HikariDataSource       : HikariPool_SCOREBOARD - Starting...
2026-01-30T00:28:15.233+06:00  INFO 23688 --- [GroupCamp] [main] com.zaxxer.hikari.pool.HikariPool        : HikariPool_SCOREBOARD - Added connection com.mysql.cj.jdbc.ConnectionImpl@436a563f
2026-01-30T00:28:15.238+06:00  INFO 23688 --- [GroupCamp] [main] com.zaxxer.hikari.HikariDataSource       : HikariPool_SCOREBOARD - Start completed.
2026-01-30T00:28:16.153+06:00  INFO 23688 --- [GroupCamp] [main] org.hibernate.orm.connections.pooling    : HHH10001005: Database info:
	Database JDBC URL [Connecting through datasource 'HikariDataSource (HikariPool_SCOREBOARD)']
	Database driver: undefined/unknown
	Database version: 9.4
	Autocommit mode: undefined/unknown
	Isolation level: undefined/unknown
	Minimum pool size: undefined/unknown
	Maximum pool size: undefined/unknown
2026-01-30T00:28:17.187+06:00  INFO 23688 --- [GroupCamp] [main] o.h.e.t.j.p.i.JtaPlatformInitiator       : HHH000489: No JTA platform available (set 'hibernate.transaction.jta.platform' to enable JTA platform integration)
2026-01-30T00:28:18.547+06:00  INFO 23688 --- [GroupCamp] [main] j.LocalContainerEntityManagerFactoryBean : Initialized JPA EntityManagerFactory for persistence unit 'default'
2026-01-30T00:28:18.949+06:00  INFO 23688 --- [GroupCamp] [main] o.s.d.j.r.query.QueryEnhancerFactory     : Hibernate is in classpath; If applicable, HQL parser will be used.
2026-01-30T00:28:19.044+06:00  WARN 23688 --- [GroupCamp] [main] JpaBaseConfiguration$JpaWebConfiguration : spring.jpa.open-in-view is enabled by default. Therefore, database queries may be performed during view rendering. Explicitly configure spring.jpa.open-in-view to disable this warning
2026-01-30T00:28:19.079+06:00  INFO 23688 --- [GroupCamp] [main] o.s.b.a.w.s.WelcomePageHandlerMapping    : Adding welcome page template: index
2026-01-30T00:28:19.153+06:00  WARN 23688 --- [GroupCamp] [main] s.w.s.m.m.a.RequestMappingHandlerMapping : Multiple @RequestMapping annotations found on public java.lang.String com.wlfscsg.GroupCamp.controller.SignInController.loginPage(org.springframework.ui.Model,jakarta.servlet.http.HttpServletRequest), but only the first will be used: [@org.springframework.web.bind.annotation.GetMapping(consumes={}, headers={}, name="", params={}, path={"/login"}, produces={}, value={"/login"}), @org.springframework.web.bind.annotation.PostMapping(consumes={}, headers={}, name="", params={}, path={"/login"}, produces={}, value={"/login"})]
2026-01-30T00:28:19.606+06:00  INFO 23688 --- [GroupCamp] [main] r$InitializeUserDetailsManagerConfigurer : Global AuthenticationManager configured with UserDetailsService bean with name userDetailsManager
2026-01-30T00:28:20.067+06:00  INFO 23688 --- [GroupCamp] [main] o.s.b.w.embedded.tomcat.TomcatWebServer  : Tomcat started on port 8080 (http) with context path '/'
2026-01-30T00:28:20.081+06:00  INFO 23688 --- [GroupCamp] [main] c.w.GroupCamp.GroupCampApplication       : Started GroupCampApplication in 13.148 seconds (process running for 14.374)
2026-01-30T00:28:27.647+06:00  INFO 23688 --- [GroupCamp] [http-nio-8080-exec-1] o.a.c.c.C.[Tomcat].[localhost].[/]       : Initializing Spring DispatcherServlet 'dispatcherServlet'
2026-01-30T00:28:27.648+06:00  INFO 23688 --- [GroupCamp] [http-nio-8080-exec-1] o.s.web.servlet.DispatcherServlet        : Initializing Servlet 'dispatcherServlet'
2026-01-30T00:28:27.650+06:00  INFO 23688 --- [GroupCamp] [http-nio-8080-exec-1] o.s.web.servlet.DispatcherServlet        : Completed initialization in 1 ms
